
error: This cart does not exist
error: This cart does not exist
error: undefined {"code":"ENOENT","errno":-4058,"path":"C:\\Users\\Usuario\\Desktop\\Proyecto final Gorlero Facundo\\src\\public\\uploads\\profiles\\65e7267757ef4b1ab7ad7893-1714946877080-a.jpg","storageErrors":[],"syscall":"open"}
error: undefined {"code":"ENOENT","errno":-4058,"path":"C:\\Users\\Usuario\\Desktop\\Proyecto final Gorlero Facundo\\src\\public\\uploads\\profiles\\65e7267757ef4b1ab7ad7893-1714946922020-a.jpg","storageErrors":[],"syscall":"open"}
error: undefined {"code":"ENOENT","errno":-4058,"path":"C:\\Users\\Usuario\\Desktop\\Proyecto final Gorlero Facundo\\src\\public\\uploads\\profiles\\65e7267757ef4b1ab7ad7893-1714948509045-a.jpg","storageErrors":[],"syscall":"open"}
error: undefined {"kind":"ObjectId","path":"_id","reason":{},"stringValue":"\"styles.css\"","value":"styles.css","valueType":"string"}
error: undefined {"kind":"ObjectId","path":"_id","reason":{},"stringValue":"\"styles.css\"","value":"styles.css","valueType":"string"}
error: undefined {"kind":"ObjectId","path":"_id","reason":{},"stringValue":"\"styles.css\"","value":"styles.css","valueType":"string"}
error: undefined {"code":"ENOENT","errno":-4058,"path":"C:\\Users\\Usuario\\Desktop\\Proyecto final Gorlero Facundo\\src\\public\\uploads\\profiles\\6637cf6d2b96dd411c881ff0-1714957936126-png-2702691_640.png","storageErrors":[],"syscall":"open"}
error: undefined {"code":"ENOENT","errno":-4058,"path":"C:\\Users\\Usuario\\Desktop\\Proyecto final Gorlero Facundo\\src\\public\\uploads\\products\\6637cf6d2b96dd411c881ff0-1714958220514-64f3842a553ca472e5192ee5.png","storageErrors":[],"syscall":"open"}
error: undefined {"storageErrors":[]}
error: undefined {"code":"ENOENT","errno":-4058,"path":"C:\\Users\\Usuario\\Desktop\\Proyecto final Gorlero Facundo\\src\\public\\uploads\\products\\6637cf6d2b96dd411c881ff0-1714958443059-pngtree-cartoon-astronauts-png-image_3171372.png","storageErrors":[],"syscall":"open"}
error: undefined {"code":"ENOENT","errno":-4058,"path":"C:\\Users\\Usuario\\Desktop\\Proyecto final Gorlero Facundo\\src\\public\\uploads\\products\\6637cf6d2b96dd411c881ff0-1714958450047-pngtree-cartoon-astronauts-png-image_3171372.png","storageErrors":[],"syscall":"open"}
error: undefined {"code":"ENOENT","errno":-4058,"path":"C:\\Users\\Usuario\\Desktop\\Proyecto final Gorlero Facundo\\src\\public\\uploads\\products\\6637cf6d2b96dd411c881ff0-1714958528511-descarga (1).jfif","storageErrors":[],"syscall":"open"}
error: undefined {"code":"ENOENT","errno":-4058,"path":"C:\\Users\\Usuario\\Desktop\\Proyecto final Gorlero Facundo\\src\\public\\uploads\\products\\6637cf6d2b96dd411c881ff0-1714958581060-descarga (1).jfif","storageErrors":[],"syscall":"open"}
error: undefined
error: undefined
error: undefined
error: undefined
error: undefined
error: undefined {"cause":"One or more properties were incomplete or not valid.\n        list of requires properties\n        - Product: product not found, recived [object Object]\n        - Product not added: can't add new product to database\n        - Product no deleted: not found a product to delete\n    ","code":3,"name":"Product to update error"}
error: undefined
error: undefined {"kind":"ObjectId","path":"_id","reason":{},"stringValue":"\":65849709bd6b685d106902d5\"","value":":65849709bd6b685d106902d5","valueType":"string"}
error: undefined
error: undefined
error: undefined
error: undefined
error: undefined {"kind":"ObjectId","path":"_id","reason":{},"stringValue":"\"{cid}\"","value":"{cid}","valueType":"string"}
error: undefined {"kind":"ObjectId","path":"_id","reason":{},"stringValue":"\"{cid}\"","value":"{cid}","valueType":"string"}
error: undefined {"kind":"ObjectId","path":"_id","reason":{},"stringValue":"\"{cid}\"","value":"{cid}","valueType":"string"}
error: undefined {"kind":"ObjectId","path":"_id","reason":{},"stringValue":"\"{cid}\"","value":"{cid}","valueType":"string"}
error: undefined {"kind":"ObjectId","path":"_id","reason":{},"stringValue":"\"{cid}\"","value":"{cid}","valueType":"string"}
error: undefined
error: undefined
error: undefined
error: undefined
error: undefined
error: undefined
error: Incorrect product: One of these properties is not valid
error: Incorrect product: One of these properties is not valid
error: Incorrect product: One of these properties is not valid
error: Incorrect product: One of these properties is not valid
error: Incorrect product: One of these properties is not valid
error: Incorrect product: One of these properties is not valid
error: Incorrect product: One of these properties is not valid
error: Incorrect product: One of these properties is not valid
error: Incorrect product: One of these properties is not valid
error: Incorrect product: One of these properties is not valid
error: Incorrect product: One of these properties is not valid
error: Incorrect product: One of these properties is not valid
error: Incorrect product: One of these properties is not valid
error: Incorrect product: One of these properties is not valid
error: Incorrect product: One of these properties is not valid
error: undefined
error: undefined
error: undefined
error: Incorrect product: One of these properties is not valid
error: Incorrect product: One of these properties is not valid
error: Incorrect product: One of these properties is not valid
error: Incorrect product: One of these properties is not valid
error: Incorrect product: One of these properties is not valid
error: Incorrect product: One of these properties is not valid
error: Incorrect product: One of these properties is not valid
error: undefined
error: Error adding product: One or more required properties are missing or invalid
error: undefined
error: Error adding product: One or more required properties are missing or invalid
error: undefined
error: Error adding product: One or more required properties are missing or invalid
error: undefined
error: Error adding product: One or more required properties are missing or invalid
error: undefined
error: Error adding product: One or more required properties are missing or invalid
error: undefined
error: Incorrect product: One of these properties is not valid
error: Incorrect product: One of these properties is not valid
error: Incorrect product: One of these properties is not valid
error: undefined
error: Incorrect product: One of these properties is not valid
error: undefined
error: undefined
error: undefined
error: undefined
